[2024-10-05 10:24:21] Created output file: sui_addresses.csv
[2024-10-05 10:24:21] Starting creation of address 1
[2024-10-05 10:24:21] Running sui client new-address command
[2024-10-05 10:24:22] Command output: [warn] Client/Server api version mismatch, client api version : 1.34.0, server api version : 1.34.1
╭─────────────────────────────────────────────────────────────────────────────────────╮
│ Created new keypair and saved it to keystore.                                       │
├────────────────┬────────────────────────────────────────────────────────────────────┤
│ alias          │ admiring-hiddenite                                                 │
│ address        │ 0xaa87ee8f372260ffa5bc5d937eb9cd14f5edea2d81a8a3f3604979ccf5f4f154 │
│ keyScheme      │ ed25519                                                            │
│ recoveryPhrase │ six glow broken faint know farm say gun rural sauce blade yellow   │
╰────────────────┴────────────────────────────────────────────────────────────────────╯
[2024-10-05 10:24:22] Extracted address: 
[2024-10-05 10:24:22] Extracted public key: 
[2024-10-05 10:24:22] Extracted recovery phrase: 
[2024-10-05 10:24:22] Error: Failed to extract all necessary information for address 1
[2024-10-05 10:24:22] Starting creation of address 2
[2024-10-05 10:24:22] Running sui client new-address command
[2024-10-05 10:24:23] Command output: [warn] Client/Server api version mismatch, client api version : 1.34.0, server api version : 1.34.1
╭────────────────────────────────────────────────────────────────────────────────────────────╮
│ Created new keypair and saved it to keystore.                                              │
├────────────────┬───────────────────────────────────────────────────────────────────────────┤
│ alias          │ gallant-sunstone                                                          │
│ address        │ 0x576f7d433316d616f8096628acc7885f92614524e3eefdccfac52d754b122b28        │
│ keyScheme      │ ed25519                                                                   │
│ recoveryPhrase │ digital design melt genius song wonder civil gloom away ticket horn rural │
╰────────────────┴───────────────────────────────────────────────────────────────────────────╯
[2024-10-05 10:24:23] Extracted address: 
[2024-10-05 10:24:23] Extracted public key: 
[2024-10-05 10:24:23] Extracted recovery phrase: 
[2024-10-05 10:24:23] Error: Failed to extract all necessary information for address 2
[2024-10-05 10:24:23] Starting creation of address 3
[2024-10-05 10:24:23] Running sui client new-address command
[2024-10-05 10:24:24] Command output: [warn] Client/Server api version mismatch, client api version : 1.34.0, server api version : 1.34.1
╭───────────────────────────────────────────────────────────────────────────────────────────────╮
│ Created new keypair and saved it to keystore.                                                 │
├────────────────┬──────────────────────────────────────────────────────────────────────────────┤
│ alias          │ gallant-tourmaline                                                           │
│ address        │ 0x5f31f0026d4b3e53ea273169c4546a2acae974fcdbfcec8109f3aef6d874eef1           │
│ keyScheme      │ ed25519                                                                      │
│ recoveryPhrase │ business manage sport dirt lottery beef bridge gallery truth build mule real │
╰────────────────┴──────────────────────────────────────────────────────────────────────────────╯
[2024-10-05 10:24:24] Extracted address: 
[2024-10-05 10:24:24] Extracted public key: 
[2024-10-05 10:24:24] Extracted recovery phrase: 
[2024-10-05 10:24:24] Error: Failed to extract all necessary information for address 3
[2024-10-05 10:24:24] Starting creation of address 4
[2024-10-05 10:24:24] Running sui client new-address command
[2024-10-05 10:24:24] Command output: [warn] Client/Server api version mismatch, client api version : 1.34.0, server api version : 1.34.1
╭──────────────────────────────────────────────────────────────────────────────────────────────────────╮
│ Created new keypair and saved it to keystore.                                                        │
├────────────────┬─────────────────────────────────────────────────────────────────────────────────────┤
│ alias          │ gallant-garnet                                                                      │
│ address        │ 0x20ca4234e63ac1d78033419620333394bce02e53954690a4eb770ee5718e539d                  │
│ keyScheme      │ ed25519                                                                             │
│ recoveryPhrase │ cushion already idea goddess sorry setup pencil side crouch increase guilt artefact │
╰────────────────┴─────────────────────────────────────────────────────────────────────────────────────╯
[2024-10-05 10:24:24] Extracted address: 
[2024-10-05 10:24:24] Extracted public key: 
[2024-10-05 10:24:24] Extracted recovery phrase: 
[2024-10-05 10:24:24] Error: Failed to extract all necessary information for address 4
[2024-10-05 10:24:24] Starting creation of address 5
[2024-10-05 10:24:24] Running sui client new-address command
[2024-10-05 10:24:24] Command output: [warn] Client/Server api version mismatch, client api version : 1.34.0, server api version : 1.34.1
╭────────────────────────────────────────────────────────────────────────────────────────────╮
│ Created new keypair and saved it to keystore.                                              │
├────────────────┬───────────────────────────────────────────────────────────────────────────┤
│ alias          │ hardcore-opal                                                             │
│ address        │ 0xfa96ca8e795944bee6dd5e58ada5723c888c9af1a09a8dbfbd08791228268f0e        │
│ keyScheme      │ ed25519                                                                   │
│ recoveryPhrase │ shell step mule split vague pair knife witness subway arrest surge hammer │
╰────────────────┴───────────────────────────────────────────────────────────────────────────╯
[2024-10-05 10:24:24] Extracted address: 
[2024-10-05 10:24:24] Extracted public key: 
[2024-10-05 10:24:24] Extracted recovery phrase: 
[2024-10-05 10:24:24] Error: Failed to extract all necessary information for address 5
